[debug] [2025-04-02T13:15:48.167Z] ----------------------------------------------------------------------
[debug] [2025-04-02T13:15:48.169Z] Command:       C:\Program Files\nodejs\node.exe C:\Program Files\nodejs\node_modules\firebase-tools\lib\bin\firebase.js init functions
[debug] [2025-04-02T13:15:48.170Z] CLI Version:   13.34.0
[debug] [2025-04-02T13:15:48.170Z] Platform:      win32
[debug] [2025-04-02T13:15:48.170Z] Node Version:  v22.3.0
[debug] [2025-04-02T13:15:48.170Z] Time:          Wed Apr 02 2025 15:15:48 GMT+0200 (Central European Summer Time)
[debug] [2025-04-02T13:15:48.170Z] ----------------------------------------------------------------------
[debug] 
[debug] [2025-04-02T13:15:48.177Z] > command requires scopes: ["email","openid","https://www.googleapis.com/auth/cloudplatformprojects.readonly","https://www.googleapis.com/auth/firebase","https://www.googleapis.com/auth/cloud-platform"]
[debug] [2025-04-02T13:15:48.177Z] > authorizing via signed-in user (matet2001@gmail.com)
[info] 
     ######## #### ########  ######## ########     ###     ######  ########
     ##        ##  ##     ## ##       ##     ##  ##   ##  ##       ##
     ######    ##  ########  ######   ########  #########  ######  ######
     ##        ##  ##    ##  ##       ##     ## ##     ##       ## ##
     ##       #### ##     ## ######## ########  ##     ##  ######  ########

You're about to initialize a Firebase project in this directory:

  D:\IT\Projects\ProbaPont

[info] 
=== Project Setup
[info] 
[info] First, let's associate this project directory with a Firebase project.
[info] You can create multiple project aliases by running firebase use --add, 
[info] but for now we'll just set up a default project.
[info] 
[debug] [2025-04-02T13:15:58.110Z] Checked if tokens are valid: false, expires at: 1742297835567
[debug] [2025-04-02T13:15:58.110Z] Checked if tokens are valid: false, expires at: 1742297835567
[debug] [2025-04-02T13:15:58.110Z] > refreshing access token with scopes: []
[debug] [2025-04-02T13:15:58.112Z] >>> [apiv2][query] POST https://www.googleapis.com/oauth2/v3/token [none]
[debug] [2025-04-02T13:15:58.112Z] >>> [apiv2][body] POST https://www.googleapis.com/oauth2/v3/token [omitted]
[debug] [2025-04-02T13:15:58.265Z] <<< [apiv2][status] POST https://www.googleapis.com/oauth2/v3/token 200
[debug] [2025-04-02T13:15:58.265Z] <<< [apiv2][body] POST https://www.googleapis.com/oauth2/v3/token [omitted]
[debug] [2025-04-02T13:15:58.276Z] >>> [apiv2][query] GET https://firebase.googleapis.com/v1beta1/projects pageSize=100
[debug] [2025-04-02T13:15:58.700Z] <<< [apiv2][status] GET https://firebase.googleapis.com/v1beta1/projects 200
[debug] [2025-04-02T13:15:58.700Z] <<< [apiv2][body] GET https://firebase.googleapis.com/v1beta1/projects [omitted]
[info] i  Using project probapont (ProbaPontWeb) 
[info] 
=== Functions Setup
[debug] [2025-04-02T13:16:02.604Z] > command requires scopes: ["email","openid","https://www.googleapis.com/auth/cloudplatformprojects.readonly","https://www.googleapis.com/auth/firebase","https://www.googleapis.com/auth/cloud-platform"]
[debug] [2025-04-02T13:16:02.604Z] > authorizing via signed-in user (matet2001@gmail.com)
[debug] [2025-04-02T13:16:02.604Z] [iam] checking project probapont for permissions ["firebase.projects.get"]
[debug] [2025-04-02T13:16:02.604Z] Checked if tokens are valid: true, expires at: 1743603357265
[debug] [2025-04-02T13:16:02.604Z] Checked if tokens are valid: true, expires at: 1743603357265
[debug] [2025-04-02T13:16:02.605Z] >>> [apiv2][query] POST https://cloudresourcemanager.googleapis.com/v1/projects/probapont:testIamPermissions [none]
[debug] [2025-04-02T13:16:02.605Z] >>> [apiv2][(partial)header] POST https://cloudresourcemanager.googleapis.com/v1/projects/probapont:testIamPermissions x-goog-quota-user=projects/probapont
[debug] [2025-04-02T13:16:02.605Z] >>> [apiv2][body] POST https://cloudresourcemanager.googleapis.com/v1/projects/probapont:testIamPermissions {"permissions":["firebase.projects.get"]}
[debug] [2025-04-02T13:16:03.447Z] <<< [apiv2][status] POST https://cloudresourcemanager.googleapis.com/v1/projects/probapont:testIamPermissions 200
[debug] [2025-04-02T13:16:03.447Z] <<< [apiv2][body] POST https://cloudresourcemanager.googleapis.com/v1/projects/probapont:testIamPermissions {"permissions":["firebase.projects.get"]}
[debug] [2025-04-02T13:16:03.447Z] Checked if tokens are valid: true, expires at: 1743603357265
[debug] [2025-04-02T13:16:03.447Z] Checked if tokens are valid: true, expires at: 1743603357265
[debug] [2025-04-02T13:16:03.448Z] Checked if tokens are valid: true, expires at: 1743603357265
[debug] [2025-04-02T13:16:03.448Z] Checked if tokens are valid: true, expires at: 1743603357265
[debug] [2025-04-02T13:16:03.448Z] >>> [apiv2][query] GET https://serviceusage.googleapis.com/v1/projects/probapont/services/cloudfunctions.googleapis.com [none]
[debug] [2025-04-02T13:16:03.448Z] >>> [apiv2][(partial)header] GET https://serviceusage.googleapis.com/v1/projects/probapont/services/cloudfunctions.googleapis.com x-goog-quota-user=projects/probapont
[debug] [2025-04-02T13:16:03.448Z] >>> [apiv2][query] GET https://serviceusage.googleapis.com/v1/projects/probapont/services/runtimeconfig.googleapis.com [none]
[debug] [2025-04-02T13:16:03.449Z] >>> [apiv2][(partial)header] GET https://serviceusage.googleapis.com/v1/projects/probapont/services/runtimeconfig.googleapis.com x-goog-quota-user=projects/probapont
[debug] [2025-04-02T13:16:04.541Z] <<< [apiv2][status] GET https://serviceusage.googleapis.com/v1/projects/probapont/services/runtimeconfig.googleapis.com 200
[debug] [2025-04-02T13:16:04.541Z] <<< [apiv2][body] GET https://serviceusage.googleapis.com/v1/projects/probapont/services/runtimeconfig.googleapis.com [omitted]
[debug] [2025-04-02T13:16:04.542Z] <<< [apiv2][status] GET https://serviceusage.googleapis.com/v1/projects/probapont/services/cloudfunctions.googleapis.com 200
[debug] [2025-04-02T13:16:04.542Z] <<< [apiv2][body] GET https://serviceusage.googleapis.com/v1/projects/probapont/services/cloudfunctions.googleapis.com [omitted]
[debug] [2025-04-02T13:16:04.542Z] Checked if tokens are valid: true, expires at: 1743603357265
[debug] [2025-04-02T13:16:04.542Z] Checked if tokens are valid: true, expires at: 1743603357265
[debug] [2025-04-02T13:16:04.542Z] >>> [apiv2][query] POST https://serviceusage.googleapis.com/v1/projects/probapont/services/cloudfunctions.googleapis.com:enable [none]
[debug] [2025-04-02T13:16:04.542Z] >>> [apiv2][(partial)header] POST https://serviceusage.googleapis.com/v1/projects/probapont/services/cloudfunctions.googleapis.com:enable x-goog-quota-user=projects/probapont
[debug] [2025-04-02T13:16:05.800Z] <<< [apiv2][status] POST https://serviceusage.googleapis.com/v1/projects/probapont/services/cloudfunctions.googleapis.com:enable 200
[debug] [2025-04-02T13:16:05.800Z] <<< [apiv2][body] POST https://serviceusage.googleapis.com/v1/projects/probapont/services/cloudfunctions.googleapis.com:enable [omitted]
[debug] [2025-04-02T13:16:15.810Z] Checked if tokens are valid: true, expires at: 1743603357265
[debug] [2025-04-02T13:16:15.810Z] Checked if tokens are valid: true, expires at: 1743603357265
[debug] [2025-04-02T13:16:15.810Z] >>> [apiv2][query] GET https://serviceusage.googleapis.com/v1/projects/probapont/services/cloudfunctions.googleapis.com [none]
[debug] [2025-04-02T13:16:15.811Z] >>> [apiv2][(partial)header] GET https://serviceusage.googleapis.com/v1/projects/probapont/services/cloudfunctions.googleapis.com x-goog-quota-user=projects/probapont
[debug] [2025-04-02T13:16:16.758Z] <<< [apiv2][status] GET https://serviceusage.googleapis.com/v1/projects/probapont/services/cloudfunctions.googleapis.com 200
[debug] [2025-04-02T13:16:16.758Z] <<< [apiv2][body] GET https://serviceusage.googleapis.com/v1/projects/probapont/services/cloudfunctions.googleapis.com [omitted]
[info] Let's create a new codebase for your functions.
[info] A directory corresponding to the codebase will be created in your project
[info] with sample code pre-configured.

[info] See https://firebase.google.com/docs/functions/organize-functions for
[info] more information on organizing your functions using codebases.

[info] Functions can be deployed with firebase deploy.

[info] +  Wrote functions/package.json 
[info] +  Wrote functions/.eslintrc.js 
[info] +  Wrote functions/index.js 
[info] +  Wrote functions/.gitignore 
